[6100:4968:0905/093238.262:VERBOSE1:crash_service_main.cc(78)] Session start. cmdline is [--reporter-url=https://crashreporter.atom.io --application-name=Atom "--crashes-directory=C:\tools\cygwin\tmp\Atom Crashes" --v=1]
[6100:4968:0905/093238.262:VERBOSE1:crash_service.cc(142)] window handle is 0000000000010332
[6100:4968:0905/093238.262:VERBOSE1:crash_service.cc(284)] pipe name is \\.\pipe\Atom Crash Service
dumps at C:\tools\cygwin\tmp\Atom Crashes
[6100:4968:0905/093238.262:VERBOSE1:crash_service.cc(288)] checkpoint is C:\tools\cygwin\tmp\Atom Crashes\crash_checkpoint.txt
server is https://crashreporter.atom.io
maximum 128 reports/day
reporter is electron-crash-service
[6100:4968:0905/093238.262:VERBOSE1:crash_service_main.cc(94)] Ready to process crash requests
[6100:9896:0905/093238.262:VERBOSE1:crash_service.cc(317)] client start. pid = 8204
[6100:9896:0905/093239.323:VERBOSE1:crash_service.cc(317)] client start. pid = 14196
[2544:8444:0905/093239.331:VERBOSE1:crash_service_main.cc(78)] Session start. cmdline is [--reporter-url=https://crashreporter.atom.io --application-name=Atom "--crashes-directory=C:\tools\cygwin\tmp\Atom Crashes" --v=1]
[2544:8444:0905/093239.332:VERBOSE1:crash_service.cc(142)] window handle is 000000000002033E
[2544:8444:0905/093239.332:VERBOSE1:crash_service.cc(284)] pipe name is \\.\pipe\Atom Crash Service
dumps at C:\tools\cygwin\tmp\Atom Crashes
[2544:8444:0905/093239.332:VERBOSE1:crash_service.cc(288)] checkpoint is C:\tools\cygwin\tmp\Atom Crashes\crash_checkpoint.txt
server is https://crashreporter.atom.io
maximum 128 reports/day
reporter is electron-crash-service
[2544:8444:0905/093239.332:ERROR:crash_service.cc(295)] could not start dumper
[6100:9896:0905/093802.533:VERBOSE1:crash_service.cc(317)] client start. pid = 10264
[7476:3320:0905/093802.533:VERBOSE1:crash_service_main.cc(78)] Session start. cmdline is [--reporter-url=https://crashreporter.atom.io --application-name=Atom "--crashes-directory=C:\tools\cygwin\tmp\Atom Crashes" --v=1]
[7476:3320:0905/093802.549:VERBOSE1:crash_service.cc(142)] window handle is 0000000000020456
[7476:3320:0905/093802.549:VERBOSE1:crash_service.cc(284)] pipe name is \\.\pipe\Atom Crash Service
dumps at C:\tools\cygwin\tmp\Atom Crashes
[7476:3320:0905/093802.549:VERBOSE1:crash_service.cc(288)] checkpoint is C:\tools\cygwin\tmp\Atom Crashes\crash_checkpoint.txt
server is https://crashreporter.atom.io
maximum 128 reports/day
reporter is electron-crash-service
[7476:3320:0905/093802.549:ERROR:crash_service.cc(295)] could not start dumper
[6100:11676:0905/093802.657:VERBOSE1:crash_service.cc(325)] client end. pid = 10264
[6100:4968:0905/101834.917:VERBOSE1:crash_service.cc(486)] session ending..
[6100:4968:0905/101834.917:VERBOSE1:crash_service.cc(491)] clients connected :3
clients terminated :1
dumps serviced :0
dumps reported :0
[6100:4968:0905/101834.917:VERBOSE1:crash_service_main.cc(99)] Session end. return code is 0
